1952  data fig1_1;
1953  do t=1 to 100;
1954  z = 5000 + 20*rannor(1234);
1955  output;
1956  end;run;

NOTE: 데이터셋 WORK.FIG1_1은(는) 100개의 관측값과 2개의 변수를 가지고 있습니다.
NOTE: DATA 문장 실행(총 프로세스 시간):
      실행 시간           0.01 초
      cpu 시간            0.00 초


1957
1958  data fig1_1;
1959  set fig1_1;
1960  date=intnx('month', '1jan80'd, _n_-1);
1961  format date monyy.; run;

NOTE: 100개의 관측값을 데이터셋 WORK.FIG1_1.에서 읽었습니다.
NOTE: 데이터셋 WORK.FIG1_1은(는) 100개의 관측값과 3개의 변수를 가지고 있습니다.
NOTE: DATA 문장 실행(총 프로세스 시간):
      실행 시간           0.01 초
      cpu 시간            0.01 초


1961!                                 /** .은 이러한 형식으로 바꿔주겠다는 의미 **/
1962  proc sgplot;
1963  series x=date y=z;
1964  refline 5000/ axis=y; run;

NOTE: 프로시저 SGPLOT 실행(총 프로세스 시간):
      실행 시간           0.09 초
      cpu 시간            0.03 초

NOTE: 칼럼 형식 MONYY5은 축에서 자동 생성된 형식으로 대체됩니다.
NOTE: 100개의 관측값을 데이터셋 WORK.FIG1_1.에서 읽었습니다.

1965
1966  /** FIGURE 1.1: Zt = 5000 + et, et ~ N(0, 20)을 따르는  시계열자료 그림 **/
1967  data fig1_1;
1968  do t=1 to 100;
1969  z = 5000 + 20*rannor(1234); * 몬테깔롤? 시뮬레이션;
1970  output;
1971  end;run;

NOTE: 데이터셋 WORK.FIG1_1은(는) 100개의 관측값과 2개의 변수를 가지고 있습니다.
NOTE: DATA 문장 실행(총 프로세스 시간):
      실행 시간           0.00 초
      cpu 시간            0.00 초


1972
1973  data fig1_1;
1974  set fig1_1;
1975  date=intnx('month', '1jan80'd, _n_-1);
1976  format date monyy.; run;

NOTE: 100개의 관측값을 데이터셋 WORK.FIG1_1.에서 읽었습니다.
NOTE: 데이터셋 WORK.FIG1_1은(는) 100개의 관측값과 3개의 변수를 가지고 있습니다.
NOTE: DATA 문장 실행(총 프로세스 시간):
      실행 시간           0.00 초
      cpu 시간            0.00 초


1976!                                 /** .은 이러한 형식으로 바꿔주겠다는 의미 **/
1977  proc sgplot;
1978  series x=date y=z;
1979  refline 5000/ axis=y; run;

NOTE: 프로시저 SGPLOT 실행(총 프로세스 시간):
      실행 시간           0.09 초
      cpu 시간            0.03 초

NOTE: 칼럼 형식 MONYY5은 축에서 자동 생성된 형식으로 대체됩니다.
NOTE: 100개의 관측값을 데이터셋 WORK.FIG1_1.에서 읽었습니다.

1980
1981
1982  /** FIGURE 1.2 : Zt = 0.5t + et, et ~ N(0, 1)을 따르는 시계열자료 그림 **/
1983  data fig1_2;
1984      do t=1 to 100;
1985          x = 0.5 * t;
1986          z = 0.5 * t + rannor(1234);
1987          output;
1988      end; run;

NOTE: 데이터셋 WORK.FIG1_2은(는) 100개의 관측값과 3개의 변수를 가지고 있습니다.
NOTE: DATA 문장 실행(총 프로세스 시간):
      실행 시간           0.00 초
      cpu 시간            0.00 초


1989  data fig1_2;set fig1_2;
1990      date=intnx('month', '1jan80'd, _n_-1);
1991      format date monyy.; run;

NOTE: 100개의 관측값을 데이터셋 WORK.FIG1_2.에서 읽었습니다.
NOTE: 데이터셋 WORK.FIG1_2은(는) 100개의 관측값과 4개의 변수를 가지고 있습니다.
NOTE: DATA 문장 실행(총 프로세스 시간):
      실행 시간           0.00 초
      cpu 시간            0.00 초


1992  proc sgplot;
1993      series x=date y=z/ lineattrs=(color=blue);
1994      series x=date y=x/ lineattrs=(color=black); run;

NOTE: 프로시저 SGPLOT 실행(총 프로세스 시간):
      실행 시간           0.09 초
      cpu 시간            0.04 초

NOTE: 칼럼 형식 MONYY5은 축에서 자동 생성된 형식으로 대체됩니다.
NOTE: 100개의 관측값을 데이터셋 WORK.FIG1_2.에서 읽었습니다.

1995
1996
1997  /** FIGURE 1.3 **/
1998  data fig1_3;
1999      do t=1 to 120;
2000          a=rannor(2483);
2001          z=10+3*sin((2*3.14*t)/12)+0.8*a;
2002          output;
2003      end; run;

NOTE: 데이터셋 WORK.FIG1_3은(는) 120개의 관측값과 3개의 변수를 가지고 있습니다.
NOTE: DATA 문장 실행(총 프로세스 시간):
      실행 시간           0.01 초
      cpu 시간            0.01 초


2004  data fig1_3; set fig1_3;
2005      date=intnx('month', '1jan85'd, _n_-1);
2006      format date monyy.;run;

NOTE: 120개의 관측값을 데이터셋 WORK.FIG1_3.에서 읽었습니다.
NOTE: 데이터셋 WORK.FIG1_3은(는) 120개의 관측값과 4개의 변수를 가지고 있습니다.
NOTE: DATA 문장 실행(총 프로세스 시간):
      실행 시간           0.01 초
      cpu 시간            0.00 초


2007  proc sgplot;
2008      series x=date y=z; run;

NOTE: 프로시저 SGPLOT 실행(총 프로세스 시간):
      실행 시간           0.11 초
      cpu 시간            0.03 초

NOTE: 칼럼 형식 MONYY5은 축에서 자동 생성된 형식으로 대체됩니다.
NOTE: 120개의 관측값을 데이터셋 WORK.FIG1_3.에서 읽었습니다.

2009
2010
2011  /** FIGURE 1.4 : 백화점매출 자료의 시계열그림과 직선식 겹쳐 그리기  **/
2012  data fig1_4;
2013      infile 'c:\data\depart.txt';
2014      input z @@;
2015      logz = log(z);
2016      date = intnx('month', '1jan81'd, _n_-1);    * 자료개수, 자동변수(SAS 의기능);
2017      format date monyy.;
2018      x=2.701573+0.000409*date; run;

NOTE: 입력파일 'c:\data\depart.txt':
      파일 이름=c:\data\depart.txt,
      RECFM=V,LRECL=32767,파일 크기 (바이트)=309,
      마지막 수정일=2023년 03월 13일 16시04분19초,
      생성 시간=2023년 03월 13일 16시04분19초

NOTE: 5개의 레코드를 입력파일 'c:\data\depart.txt'에서 읽었습니다.
      최소 레코드 길이는 39입니다.
      최대 레코드 길이는 65입니다.
NOTE: INPUT 문이 행의 끝에 도달했을 때 SAS는 다음 행으로 이동합니다.
NOTE: 데이터셋 WORK.FIG1_4은(는) 60개의 관측값과 4개의 변수를 가지고 있습니다.
NOTE: DATA 문장 실행(총 프로세스 시간):
      실행 시간           0.01 초
      cpu 시간            0.01 초


2019
2020  proc print data = fig1_4; run;

NOTE: 60개의 관측값을 데이터셋 WORK.FIG1_4.에서 읽었습니다.
NOTE: 프로시저 PRINT 실행(총 프로세스 시간):
      실행 시간           0.01 초
      cpu 시간            0.01 초


2021
2022  proc sgplot;
2023      series x=date y=logz/ lineattrs=(color=blue);
2024      series x=date y=x/ lineattrs=(color=black); run;

NOTE: 프로시저 SGPLOT 실행(총 프로세스 시간):
      실행 시간           0.09 초
      cpu 시간            0.03 초

NOTE: 칼럼 형식 MONYY5은 축에서 자동 생성된 형식으로 대체됩니다.
NOTE: 60개의 관측값을 데이터셋 WORK.FIG1_4.에서 읽었습니다.

2025
2026
2027  /** FIGURE 1.5 : 비행기승객 자료의 시계열그림 그리기 **/
2028  data fig1_5;
2029      infile 'c:\data\koreapass.txt';
2030      input z @@;
2031      date = intnx('month', '1jan81'd, _n_-1);
2032      format date monyy.; run;

NOTE: 입력파일 'c:\data\koreapass.txt':
      파일 이름=c:\data\koreapass.txt,
      RECFM=V,LRECL=32767,파일 크기 (바이트)=900,
      마지막 수정일=2023년 03월 13일 16시04분18초,
      생성 시간=2023년 03월 13일 16시04분18초

NOTE: 18개의 레코드를 입력파일 'c:\data\koreapass.txt'에서 읽었습니다.
      최소 레코드 길이는 48입니다.
      최대 레코드 길이는 48입니다.
NOTE: INPUT 문이 행의 끝에 도달했을 때 SAS는 다음 행으로 이동합니다.
NOTE: 데이터셋 WORK.FIG1_5은(는) 108개의 관측값과 2개의 변수를 가지고 있습니다.
NOTE: DATA 문장 실행(총 프로세스 시간):
      실행 시간           0.01 초
      cpu 시간            0.01 초


2033  proc sgplot;
2034      series x=date y=z; run;

NOTE: 프로시저 SGPLOT 실행(총 프로세스 시간):
      실행 시간           0.07 초
      cpu 시간            0.03 초

NOTE: 칼럼 형식 MONYY5은 축에서 자동 생성된 형식으로 대체됩니다.
NOTE: 108개의 관측값을 데이터셋 WORK.FIG1_5.에서 읽었습니다.

2035
2036  /** FIGURE 1.6 : 추세가 달라지는 자료의 시계열그림 그리기 **/
2037  data fig1_6;
2038      do t=1 to 120;
2039          a=rannor(4321);
2040          if t le 60 then x=0.5*t;
2041          else x=2*(t-46);
2042          z=x+a; output;
2043      end; run;

NOTE: 데이터셋 WORK.FIG1_6은(는) 120개의 관측값과 4개의 변수를 가지고 있습니다.
NOTE: DATA 문장 실행(총 프로세스 시간):
      실행 시간           0.00 초
      cpu 시간            0.00 초


2044  data fig1_6;
2045      set fig1_6;
2046      date=intnx('month', '1jan85'd, _n_-1);
2047      format date monyy.; run;

NOTE: 120개의 관측값을 데이터셋 WORK.FIG1_6.에서 읽었습니다.
NOTE: 데이터셋 WORK.FIG1_6은(는) 120개의 관측값과 5개의 변수를 가지고 있습니다.
NOTE: DATA 문장 실행(총 프로세스 시간):
      실행 시간           0.01 초
      cpu 시간            0.01 초


2048  proc sgplot;
2049      series x=date y=z;
2050      refline '1jan90'd/ axis=x; run;

NOTE: 프로시저 SGPLOT 실행(총 프로세스 시간):
      실행 시간           0.09 초
      cpu 시간            0.03 초

NOTE: 칼럼 형식 MONYY5은 축에서 자동 생성된 형식으로 대체됩니다.
NOTE: 120개의 관측값을 데이터셋 WORK.FIG1_6.에서 읽었습니다.

2051
2052
2053  /** 과제 **/
2054  /** female_hw1 **/
2055  data fig1_71;
2056      infile 'c:\data\female_hw1.txt';
2057      input z ;
2058      date = intnx('month', '1jan83'd, _n_-1);
2059      format date monyy.; run;

NOTE: 입력파일 'c:\data\female_hw1.txt':
      파일 이름=c:\data\female_hw1.txt,
      RECFM=V,LRECL=32767,파일 크기 (바이트)=540,
      마지막 수정일=2023년 03월 13일 16시30분56초,
      생성 시간=2023년 03월 13일 16시30분56초

NOTE: 108개의 레코드를 입력파일 'c:\data\female_hw1.txt'에서 읽었습니다.
      최소 레코드 길이는 3입니다.
      최대 레코드 길이는 3입니다.
NOTE: 데이터셋 WORK.FIG1_71은(는) 108개의 관측값과 2개의 변수를 가지고 있습니다.
NOTE: DATA 문장 실행(총 프로세스 시간):
      실행 시간           0.01 초
      cpu 시간            0.00 초


2060  proc sgplot;
2061      series x=date y=z; run;

NOTE: 프로시저 SGPLOT 실행(총 프로세스 시간):
      실행 시간           0.09 초
      cpu 시간            0.04 초

NOTE: 칼럼 형식 MONYY5은 축에서 자동 생성된 형식으로 대체됩니다.
NOTE: 108개의 관측값을 데이터셋 WORK.FIG1_71.에서 읽었습니다.

2062
2063
2064  /** 과제 **/
2065  /** build_hw1 **/
2066  data fig1_72;
2067      infile 'c:\data\build_hw1.txt';
2068      input z ;
2069      date = intnx('month', '1jan80'd, _n_-1);
2070      format date monyy.; run;

NOTE: 입력파일 'c:\data\build_hw1.txt':
      파일 이름=c:\data\build_hw1.txt,
      RECFM=V,LRECL=32767,파일 크기 (바이트)=460,
      마지막 수정일=2023년 03월 13일 16시30분55초,
      생성 시간=2023년 03월 13일 16시30분55초

NOTE: 60개의 레코드를 입력파일 'c:\data\build_hw1.txt'에서 읽었습니다.
      최소 레코드 길이는 4입니다.
      최대 레코드 길이는 7입니다.
NOTE: 데이터셋 WORK.FIG1_72은(는) 60개의 관측값과 2개의 변수를 가지고 있습니다.
NOTE: DATA 문장 실행(총 프로세스 시간):
      실행 시간           0.01 초
      cpu 시간            0.01 초


2071  proc sgplot;
2072      series x=date y=z; run;

NOTE: 프로시저 SGPLOT 실행(총 프로세스 시간):
      실행 시간           0.09 초
      cpu 시간            0.04 초

NOTE: 칼럼 형식 MONYY5은 축에서 자동 생성된 형식으로 대체됩니다.
NOTE: 60개의 관측값을 데이터셋 WORK.FIG1_72.에서 읽었습니다.

2073
2074  /** 과제 **/
2075  /** export_hw1 **/
2076  data fig1_73;
2077      infile 'c:\data\export_hw1.txt';
2078      input z ;
2079      date = intnx('month', '1jan00'd, _n_-1);
2080      format date monyy.; run;

NOTE: 입력파일 'c:\data\export_hw1.txt':
      파일 이름=c:\data\export_hw1.txt,
      RECFM=V,LRECL=32767,파일 크기 (바이트)=679,
      마지막 수정일=2023년 03월 13일 16시30분56초,
      생성 시간=2023년 03월 13일 16시30분55초

NOTE: 86개의 레코드를 입력파일 'c:\data\export_hw1.txt'에서 읽었습니다.
      최소 레코드 길이는 5입니다.
      최대 레코드 길이는 6입니다.
NOTE: 데이터셋 WORK.FIG1_73은(는) 86개의 관측값과 2개의 변수를 가지고 있습니다.
NOTE: DATA 문장 실행(총 프로세스 시간):
      실행 시간           0.00 초
      cpu 시간            0.00 초


2081  proc sgplot;
2082      series x=date y=z; run;

NOTE: 프로시저 SGPLOT 실행(총 프로세스 시간):
      실행 시간           0.09 초
      cpu 시간            0.01 초

NOTE: 칼럼 형식 MONYY5은 축에서 자동 생성된 형식으로 대체됩니다.
NOTE: 86개의 관측값을 데이터셋 WORK.FIG1_73.에서 읽었습니다.

2083
2084  /** 과제 **/
2085  /** usapass_hw1 **/
2086  data fig1_74;
2087      infile 'c:\data\usapass_hw1.txt';
2088      input z ;
2089      date = intnx('month', '1jan49'd, _n_-1);
2090      format date monyy.; run;

NOTE: 입력파일 'c:\data\usapass_hw1.txt':
      파일 이름=c:\data\usapass_hw1.txt,
      RECFM=V,LRECL=32767,파일 크기 (바이트)=850,
      마지막 수정일=2023년 03월 13일 16시30분56초,
      생성 시간=2023년 03월 13일 16시30분56초

NOTE: 144개의 레코드를 입력파일 'c:\data\usapass_hw1.txt'에서 읽었습니다.
      최소 레코드 길이는 3입니다.
      최대 레코드 길이는 4입니다.
NOTE: 데이터셋 WORK.FIG1_74은(는) 144개의 관측값과 2개의 변수를 가지고 있습니다.
NOTE: DATA 문장 실행(총 프로세스 시간):
      실행 시간           0.01 초
      cpu 시간            0.00 초


2091  proc sgplot;
2092      series x=date y=z; run;

NOTE: 프로시저 SGPLOT 실행(총 프로세스 시간):
      실행 시간           0.09 초
      cpu 시간            0.03 초

NOTE: 칼럼 형식 MONYY5은 축에서 자동 생성된 형식으로 대체됩니다.
NOTE: 144개의 관측값을 데이터셋 WORK.FIG1_74.에서 읽었습니다.

2093
2094
2095  /** 1.7(1) female 그림을 그리고 성분 4개중에 있다고 생각하는 것 (불규칙, 추세 등)
2096      (2)
2097
2098
2099
2100      문자열 뒤에 숫자를 넣고싶으면
2101      $
2102      input id name $ height;
2103
2104      cards; << 그냥 직접 데이터 입력
2105      infile << 외부데이터 입력.
2106      **/

